<?xml version="1.0" encoding="UTF-8"?>
<!-- Generated by org.testng.reporters.JUnitXMLReporter -->
<testsuite hostname="SABYMISH-LAP" name="FUSEPseudoChangeSessionlanguageAccounts" tests="1" failures="1" timestamp="14 Aug 2019 12:28:57 GMT" time="45.736" errors="0">
  <testcase name="SuiteOneCaseOneTest" time="43.106" classname="src.languageAuto.CustomerCenter.FUSEPseudoChangeSessionlanguageAccounts">
    <failure type="org.openqa.selenium.ElementClickInterceptedException" message="Element &amp;lt;button id=&amp;quot;_FOpt1:_FOr1:0:_FOSrZCM_CUSTOMERCTRINFRA360_CUSTOMERS_CRM_CARD:0:_FOTsr1:0:pt1:ls1:createAcctBtn&amp;quot; class=&amp;quot;af_commandButton p_AFTextOnly&amp;quot;&amp;gt; is not clickable at point (815.5,249) because another element &amp;lt;div class=&amp;quot;af_document_splash-screen-cell&amp;quot;&amp;gt; obscures it
Build info: version: &amp;apos;3.13.0&amp;apos;, revision: &amp;apos;2f0d292&amp;apos;, time: &amp;apos;2018-06-25T15:32:14.902Z&amp;apos;
System info: host: &amp;apos;SABYMISH-LAP&amp;apos;, ip: &amp;apos;10.184.39.30&amp;apos;, os.name: &amp;apos;Windows 7&amp;apos;, os.arch: &amp;apos;amd64&amp;apos;, os.version: &amp;apos;6.1&amp;apos;, java.version: &amp;apos;1.8.0_111&amp;apos;
Driver info: org.openqa.selenium.firefox.FirefoxDriver
Capabilities {acceptInsecureCerts: true, browserName: firefox, browserVersion: 60.8.0, javascriptEnabled: true, moz:accessibilityChecks: false, moz:geckodriverVersion: 0.24.0, moz:headless: false, moz:processID: 16184, moz:profile: C:\Users\sabymish.ORADEV\Ap..., moz:useNonSpecCompliantPointerOrigin: false, moz:webdriverClick: true, pageLoadStrategy: normal, platform: XP, platformName: XP, platformVersion: 6.1, rotatable: false, timeouts: {implicit: 0, pageLoad: 300000, script: 30000}}
Session ID: f349ff27-07f4-435e-8e00-819464a86aa1">
      <![CDATA[org.openqa.selenium.ElementClickInterceptedException: Element <button id="_FOpt1:_FOr1:0:_FOSrZCM_CUSTOMERCTRINFRA360_CUSTOMERS_CRM_CARD:0:_FOTsr1:0:pt1:ls1:createAcctBtn" class="af_commandButton p_AFTextOnly"> is not clickable at point (815.5,249) because another element <div class="af_document_splash-screen-cell"> obscures it
Build info: version: '3.13.0', revision: '2f0d292', time: '2018-06-25T15:32:14.902Z'
System info: host: 'SABYMISH-LAP', ip: '10.184.39.30', os.name: 'Windows 7', os.arch: 'amd64', os.version: '6.1', java.version: '1.8.0_111'
Driver info: org.openqa.selenium.firefox.FirefoxDriver
Capabilities {acceptInsecureCerts: true, browserName: firefox, browserVersion: 60.8.0, javascriptEnabled: true, moz:accessibilityChecks: false, moz:geckodriverVersion: 0.24.0, moz:headless: false, moz:processID: 16184, moz:profile: C:\Users\sabymish.ORADEV\Ap..., moz:useNonSpecCompliantPointerOrigin: false, moz:webdriverClick: true, pageLoadStrategy: normal, platform: XP, platformName: XP, platformVersion: 6.1, rotatable: false, timeouts: {implicit: 0, pageLoad: 300000, script: 30000}}
Session ID: f349ff27-07f4-435e-8e00-819464a86aa1
	at org.openqa.selenium.remote.http.W3CHttpResponseCodec.createException(W3CHttpResponseCodec.java:187)
	at org.openqa.selenium.remote.http.W3CHttpResponseCodec.decode(W3CHttpResponseCodec.java:122)
	at org.openqa.selenium.remote.http.W3CHttpResponseCodec.decode(W3CHttpResponseCodec.java:49)
	at org.openqa.selenium.remote.HttpCommandExecutor.execute(HttpCommandExecutor.java:158)
	at org.openqa.selenium.remote.service.DriverCommandExecutor.execute(DriverCommandExecutor.java:83)
	at org.openqa.selenium.remote.RemoteWebDriver.execute(RemoteWebDriver.java:548)
	at org.openqa.selenium.remote.RemoteWebElement.execute(RemoteWebElement.java:276)
	at org.openqa.selenium.remote.RemoteWebElement.click(RemoteWebElement.java:83)
	at src.languageAuto.CustomerCenter.FUSEPseudoChangeSessionlanguageAccounts.SuiteOneCaseOneTest(FUSEPseudoChangeSessionlanguageAccounts.java:136)
... Removed 28 stack frames]]>
    </failure>
  </testcase> <!-- SuiteOneCaseOneTest -->
</testsuite> <!-- FUSEPseudoChangeSessionlanguageAccounts -->
